Using pre-set license
Built from '2022.3/staging' branch; Version is '2022.3.9f1 (ea401c316338) revision 15351836'; Using compiler version '192829333'; Build Type 'Release'
OS: 'Windows 11  (10.0.22621) 64bit Core' Language: 'en' Physical Memory: 15720 MB
BatchMode: 1, IsHumanControllingUs: 0, StartBugReporterOnCrash: 0, Is64bit: 1, IsPro: 1

COMMAND LINE ARGUMENTS:
C:\Program Files\Unity\Hub\Editor\2022.3.9f1\Editor\Unity.exe
-adb2
-batchMode
-noUpm
-name
AssetImportWorker4
-projectPath
C:/Users/Aidan/Documents/My Game Projects/Unity/ConUHacksVIII-Project/ConUHacksVIII
-logFile
Logs/AssetImportWorker4.log
-srvPort
54345
Successfully changed project path to: C:/Users/Aidan/Documents/My Game Projects/Unity/ConUHacksVIII-Project/ConUHacksVIII
C:/Users/Aidan/Documents/My Game Projects/Unity/ConUHacksVIII-Project/ConUHacksVIII
[UnityMemory] Configuration Parameters - Can be set up in boot.config
    "memorysetup-bucket-allocator-granularity=16"
    "memorysetup-bucket-allocator-bucket-count=8"
    "memorysetup-bucket-allocator-block-size=33554432"
    "memorysetup-bucket-allocator-block-count=8"
    "memorysetup-main-allocator-block-size=16777216"
    "memorysetup-thread-allocator-block-size=16777216"
    "memorysetup-gfx-main-allocator-block-size=16777216"
    "memorysetup-gfx-thread-allocator-block-size=16777216"
    "memorysetup-cache-allocator-block-size=4194304"
    "memorysetup-typetree-allocator-block-size=2097152"
    "memorysetup-profiler-bucket-allocator-granularity=16"
    "memorysetup-profiler-bucket-allocator-bucket-count=8"
    "memorysetup-profiler-bucket-allocator-block-size=33554432"
    "memorysetup-profiler-bucket-allocator-block-count=8"
    "memorysetup-profiler-allocator-block-size=16777216"
    "memorysetup-profiler-editor-allocator-block-size=1048576"
    "memorysetup-temp-allocator-size-main=16777216"
    "memorysetup-job-temp-allocator-block-size=2097152"
    "memorysetup-job-temp-allocator-block-size-background=1048576"
    "memorysetup-job-temp-allocator-reduction-small-platforms=262144"
    "memorysetup-allocator-temp-initial-block-size-main=262144"
    "memorysetup-allocator-temp-initial-block-size-worker=262144"
    "memorysetup-temp-allocator-size-background-worker=32768"
    "memorysetup-temp-allocator-size-job-worker=262144"
    "memorysetup-temp-allocator-size-preload-manager=33554432"
    "memorysetup-temp-allocator-size-nav-mesh-worker=65536"
    "memorysetup-temp-allocator-size-audio-worker=65536"
    "memorysetup-temp-allocator-size-cloud-worker=32768"
    "memorysetup-temp-allocator-size-gi-baking-worker=262144"
    "memorysetup-temp-allocator-size-gfx=262144"
Player connection [34712] Host "[IP] 172.30.184.217 [Port] 0 [Flags] 2 [Guid] 4085285220 [EditorId] 4085285220 [Version] 1048832 [Id] WindowsEditor(7,AidansNewLaptop) [Debug] 1 [PackageName] WindowsEditor [ProjectName] Editor" joined multi-casting on [225.0.0.222:54997]...

Player connection [34712] Host "[IP] 172.30.184.217 [Port] 0 [Flags] 2 [Guid] 4085285220 [EditorId] 4085285220 [Version] 1048832 [Id] WindowsEditor(7,AidansNewLaptop) [Debug] 1 [PackageName] WindowsEditor [ProjectName] Editor" joined alternative multi-casting on [225.0.0.222:34997]...

[Physics::Module] Initialized MultithreadedJobDispatcher with 15 workers.
Refreshing native plugins compatible for Editor in 15.07 ms, found 3 plugins.
Preloading 0 native plugins for Editor in 0.00 ms.
Initialize engine version: 2022.3.9f1 (ea401c316338)
[Subsystems] Discovering subsystems at path C:/Program Files/Unity/Hub/Editor/2022.3.9f1/Editor/Data/Resources/UnitySubsystems
[Subsystems] Discovering subsystems at path C:/Users/Aidan/Documents/My Game Projects/Unity/ConUHacksVIII-Project/ConUHacksVIII/Assets
GfxDevice: creating device client; threaded=0; jobified=0
Direct3D:
    Version:  Direct3D 11.0 [level 11.1]
    Renderer: NVIDIA GeForce RTX 3070 Laptop GPU (ID=0x24dd)
    Vendor:   NVIDIA
    VRAM:     8033 MB
    Driver:   31.0.15.4665
Initialize mono
Mono path[0] = 'C:/Program Files/Unity/Hub/Editor/2022.3.9f1/Editor/Data/Managed'
Mono path[1] = 'C:/Program Files/Unity/Hub/Editor/2022.3.9f1/Editor/Data/MonoBleedingEdge/lib/mono/unityjit-win32'
Mono config path = 'C:/Program Files/Unity/Hub/Editor/2022.3.9f1/Editor/Data/MonoBleedingEdge/etc'
Using monoOptions --debugger-agent=transport=dt_socket,embedding=1,server=y,suspend=n,address=127.0.0.1:56836
Begin MonoManager ReloadAssembly
Registering precompiled unity dll's ...
Register platform support module: C:/Program Files/Unity/Hub/Editor/2022.3.9f1/Editor/Data/PlaybackEngines/WebGLSupport/UnityEditor.WebGL.Extensions.dll
Register platform support module: C:/Program Files/Unity/Hub/Editor/2022.3.9f1/Editor/Data/PlaybackEngines/AndroidPlayer/UnityEditor.Android.Extensions.dll
Register platform support module: C:/Program Files/Unity/Hub/Editor/2022.3.9f1/Editor/Data/PlaybackEngines/WindowsStandaloneSupport/UnityEditor.WindowsStandalone.Extensions.dll
Registered in 0.014721 seconds.
- Loaded All Assemblies, in  0.520 seconds
Native extension for WindowsStandalone target not found
Native extension for Android target not found
Android Extension - Scanning For ADB Devices 451 ms
Native extension for WebGL target not found
Mono: successfully reloaded assembly
- Finished resetting the current domain, in  0.846 seconds
Domain Reload Profiling: 1364ms
	BeginReloadAssembly (188ms)
		ExecutionOrderSort (0ms)
		DisableScriptedObjects (0ms)
		BackupInstance (0ms)
		ReleaseScriptingObjects (0ms)
		CreateAndSetChildDomain (1ms)
	RebuildCommonClasses (47ms)
	RebuildNativeTypeToScriptingClass (13ms)
	initialDomainReloadingComplete (84ms)
	LoadAllAssembliesAndSetupDomain (185ms)
		LoadAssemblies (184ms)
		RebuildTransferFunctionScriptingTraits (0ms)
		AnalyzeDomain (181ms)
			TypeCache.Refresh (179ms)
				TypeCache.ScanAssembly (163ms)
			ScanForSourceGeneratedMonoScriptInfo (0ms)
			ResolveRequiredComponents (1ms)
	FinalizeReload (847ms)
		ReleaseScriptCaches (0ms)
		RebuildScriptCaches (0ms)
		SetupLoadedEditorAssemblies (782ms)
			LogAssemblyErrors (0ms)
			InitializePlatformSupportModulesInManaged (611ms)
			SetLoadedEditorAssemblies (4ms)
			RefreshPlugins (0ms)
			BeforeProcessingInitializeOnLoad (2ms)
			ProcessInitializeOnLoadAttributes (105ms)
			ProcessInitializeOnLoadMethodAttributes (60ms)
			AfterProcessingInitializeOnLoad (0ms)
			EditorAssembliesLoaded (0ms)
		ExecutionOrderSort2 (0ms)
		AwakeInstancesAfterBackupRestoration (0ms)
========================================================================
Worker process is ready to serve import requests
Begin MonoManager ReloadAssembly
- Loaded All Assemblies, in  0.843 seconds
Refreshing native plugins compatible for Editor in 5.08 ms, found 3 plugins.
Native extension for WindowsStandalone target not found
Native extension for Android target not found
Native extension for WebGL target not found
[MODES] ModeService[none].Initialize
[MODES] ModeService[none].LoadModes
[MODES] Loading mode Default (0) for mode-current-id-ConUHacksVIII
Package Manager log level set to [2]
[Package Manager] Server::EnsureServerProcessIsRunning -- launch failed, reason: Unity was launched with the -noUpm command-line argument
[Package Manager] UpmClient::Send -- Unable to send message (not connected to UPM process).
[Package Manager] Cannot connect to Unity Package Manager local server
Mono: successfully reloaded assembly
- Finished resetting the current domain, in  0.822 seconds
Domain Reload Profiling: 1661ms
	BeginReloadAssembly (202ms)
		ExecutionOrderSort (0ms)
		DisableScriptedObjects (6ms)
		BackupInstance (0ms)
		ReleaseScriptingObjects (0ms)
		CreateAndSetChildDomain (33ms)
	RebuildCommonClasses (40ms)
	RebuildNativeTypeToScriptingClass (12ms)
	initialDomainReloadingComplete (52ms)
	LoadAllAssembliesAndSetupDomain (533ms)
		LoadAssemblies (434ms)
		RebuildTransferFunctionScriptingTraits (0ms)
		AnalyzeDomain (221ms)
			TypeCache.Refresh (195ms)
				TypeCache.ScanAssembly (177ms)
			ScanForSourceGeneratedMonoScriptInfo (18ms)
			ResolveRequiredComponents (6ms)
	FinalizeReload (822ms)
		ReleaseScriptCaches (0ms)
		RebuildScriptCaches (0ms)
		SetupLoadedEditorAssemblies (592ms)
			LogAssemblyErrors (0ms)
			InitializePlatformSupportModulesInManaged (41ms)
			SetLoadedEditorAssemblies (5ms)
			RefreshPlugins (0ms)
			BeforeProcessingInitializeOnLoad (91ms)
			ProcessInitializeOnLoadAttributes (427ms)
			ProcessInitializeOnLoadMethodAttributes (19ms)
			AfterProcessingInitializeOnLoad (10ms)
			EditorAssembliesLoaded (0ms)
		ExecutionOrderSort2 (0ms)
		AwakeInstancesAfterBackupRestoration (7ms)
Launched and connected shader compiler UnityShaderCompiler.exe after 0.07 seconds
Refreshing native plugins compatible for Editor in 10.03 ms, found 3 plugins.
Preloading 0 native plugins for Editor in 0.00 ms.
Unloading 4041 Unused Serialized files (Serialized files now loaded: 0)
Unloading 53 unused Assets / (402.8 KB). Loaded Objects now: 4525.
Memory consumption went from 179.3 MB to 178.9 MB.
Total: 12.780300 ms (FindLiveObjects: 1.061300 ms CreateObjectMapping: 0.885300 ms MarkObjects: 9.543000 ms  DeleteObjects: 1.288500 ms)

AssetImportParameters requested are different than current active one (requested -> active):
  custom:scripting/monoscript/fileName/DepthOfFieldDeprecated.cs: f4565291edfbc672de29f1c5b95b481b -> 8700a90d2d763e9c01f08a0cd128cca8
  custom:scripting/monoscript/fileName/CameraMotionBlur.cs: 7c530588a2d887b86502472bdab63598 -> 458c2b6f90eeea041921d89083a79e55
  custom:scripting/monoscript/fileName/ColorCorrectionLookupEditor.cs: af1f04f02e48544f2a43562f596154c1 -> a2fb9e7138550e9aa0e0de2d21737d42
  custom:scripting/monoscript/fileName/TiltShift.cs: 196245306832ed3031f66fb7a8963b10 -> 13ff1d7342528fc14a2e194c2bdc09fb
  custom:container-demuxer-ogg: 62fdf1f143b41e24485cea50d1cbac27 -> 
  custom:scripting/monoscript/fileName/ScreenSpaceAmbientOcclusion.cs: 201542b2d7549a292680bd7c26577baa -> 42eb6963a5f738a978938eb937f58d78
  custom:scripting/monoscript/fileName/DepthOfFieldEditor.cs: e6995b58a02e37710a61add3574bfed5 -> a3868cd4e6c6aec7c31ee3ed2b09abe8
  custom:video-codec-MediaFoundation-h265: 746d11721c4dcdbdad8f713fa42b33f4 -> 
  custom:scripting/monoscript/fileName/NoiseAndGrainEditor.cs: 7082dc875bca5e7e5e987f694c9c27fa -> 0276e69b6de7374aa913d893485a004e
  custom:video-decoder-ogg-theora: a1e56fd34408186e4bbccfd4996cb3dc -> 
  custom:scripting/monoscript/fileName/SunShafts.cs: 31257fc068328e8e0dff64f822e0c6f9 -> abee30526487200fa16387df850e7daf
  custom:scripting/monoscript/fileName/MotionBlur.cs: ccc02c332a40af1041d5d961c1f79dc0 -> 7d52f2ac2c90424481a38c8ec7edb91c
  custom:framework-win-MediaFoundation: 216162199b28c13a410421893ffa2e32 -> 
  custom:scripting/monoscript/fileName/Grayscale.cs: 64d9a03a5f5ecd04f796a95bf776d1eb -> 87671e23fd2948061f63e16eb704f3a3
  custom:scripting/monoscript/fileName/NewBehaviourScript.cs: b21687ddb03d73bd9f0c1daecb9714de -> 
  custom:scripting/monoscript/fileName/BlurOptimized.cs: 4e9ee33cf0e287c2cd7660f556af77bd -> a99dff34286593c12b0fab92e7c0da68
  custom:scripting/monoscript/fileName/CameraMotionBlurEditor.cs: a2e27cf6aaa6ef59b553983edb108ddf -> 7c502cd6630e6f5609abadb3991d9ab2
  custom:scripting/monoscript/fileName/Quads.cs: 50c5a46c819479851957e6c0fb9a8afd -> 2f24050aded65dda899533ba7849a43c
  custom:scripting/monoscript/fileName/Blur.cs: bbec2d673bdbc7afb2bd6bbc9b56e520 -> 16b33e375f19895ec61239c77165934f
  custom:scripting/monoscript/fileName/DepthOfFieldDeprecatedEditor.cs: 6cf39a52f399fe70f2e93a07c83e9ab7 -> 9c0d6ba6950f727fa7ed1bfef973ec32
  custom:scripting/monoscript/fileName/ImageEffects.cs: 33b96cc589201a7a43449aead82bf899 -> fc49fae855f2f50655b411c31423a73d
  custom:scripting/monoscript/fileName/PostEffectsBase.cs: 697d34e852ed8e89825eca325facedb6 -> 6aabc5a6e1a831a9196622d2796540be
  custom:CustomObjectIndexerAttribute: 756ad292c208cfabdd7b50bc23989ffe -> 
  custom:scripting/monoscript/fileName/ColorCorrectionLookup.cs: 32bcec3d967c7cb116499ccbc6321228 -> cdade6b297f1c116727fa6035591313f
  custom:container-demuxer-webm: 4f35f7cbe854078d1ac9338744f61a02 -> 
  custom:scripting/monoscript/fileName/Triangles.cs: 9124bcaf3f74eab43b935c7a16470917 -> 64f7a3839fbac059155d5ec1d8597e9c
  custom:scripting/monoscript/fileName/SunShaftsEditor.cs: 7444a21e935998109591c9e4d0b76160 -> 14ff19bb08f48e5592630a8ef09a85a4
  custom:scripting/monoscript/fileName/ContrastStretch.cs: 6a3218467e010ab0bcaf5569352a06ce -> 606dc0496a32ea6e71f97dc962793c28
  custom:scripting/monoscript/fileName/EdgeDetectionEditor.cs: 4a8871e87f34c0d08e905c6fc8c6f4b8 -> 4cca3302e9c064dba4f706ba0e5d7102
  custom:container-muxer-webm: aa71ff27fc2769a1b78a27578f13a17b -> 
  custom:scripting/monoscript/fileName/ContrastEnhance.cs: 4e8f83aba7d3f6be44d38d7a40620b72 -> 25207a33818c5454fd86fad73189b2cd
  custom:video-decoder-webm-vp8: 9c59270c3fd7afecdb556c50c9e8de78 -> 
  custom:scripting/monoscript/fileName/PostEffectsHelper.cs: cc5da605024356baadb078f41f5a7e49 -> 5b0aade5ee85030099a328bfa56e17eb
  custom:SearchIndexIgnoredProperties: e643bd26f0fe6173181afceb89e7c659 -> 
  custom:AudioImporter_EditorPlatform: d09bf68614088b80899f8185d706f6e7 -> 
  custom:scripting/monoscript/fileName/CreaseShading.cs: d716fee01b79f796edf03879b18e7f31 -> 5b17bf81bff982a9605309492401c574
  custom:scripting/monoscript/fileName/AntialiasingEditor.cs: de8ad69c8a9834d8c6998557b65fa1d8 -> cd1db322c4d4bac3e0fdd7740cc772c6
  custom:scripting/monoscript/fileName/Antialiasing.cs: d9673f9e7c98f048331ee1d62f8563ea -> bec6c7367bf7f3b527b25907b25d4102
  custom:scripting/monoscript/fileName/SepiaTone.cs: ccd7c17b7939a5121d0321eb28f33f50 -> 67c7b044a145b042dba91a1a8d54f9f4
  custom:scripting/monoscript/fileName/ImageEffectBase.cs: 403208d1630a1cd3021bb0b7b3ab4003 -> 6d460e3d17a4175e44411c6923e62aed
  custom:scripting/monoscript/fileName/NoiseAndGrain.cs: 1e10fb5df4cebf1931cb6bf7e374bf2c -> f4f7112c95c7474ffaf494b422803169
  custom:scripting/monoscript/fileName/BloomAndFlaresEditor.cs: 8144c22ad12b8e956dc93e74226d56eb -> 1f9e796d927ffcd86ccbfad6ec7007d5
  custom:scripting/monoscript/fileName/ScreenSpaceAmbientObscurance.cs: 9aae2485c279ddc06b7c8f4893251fad -> 958d0bf4e6842d24e3147fb5da01010e
  custom:scripting/monoscript/fileName/CreaseShadingEditor.cs: fb3e5188db4d5919d5337b99be3f004e -> 10fe90e5375fc621d9f19b702723dc86
  custom:scripting/monoscript/fileName/Fisheye.cs: c798664a98e759e6ff551328f776dfc8 -> ad168996bfc8fa7824e22ed9b5548fe9
  custom:scripting/monoscript/fileName/Twirl.cs: 7ecb0799479f38b66e389243ca6bbfd2 -> 13260c2451d9e72af8c2f232859ba959
  custom:scripting/monoscript/fileName/ScreenOverlay.cs: ab1e9f94a57236d473be4e605c036ab1 -> 8b6e368a4e3d0df848783015d0ee2b1e
  custom:video-encoder-webm-vp8: eb34c28f22e8b96e1ab97ce403110664 -> 
  custom:scripting/monoscript/fileName/Bloom.cs: 5b9d902a508a8ef1cf68f2d27ef1c8ae -> 33cd4fe5846ab030762c2d9a63dce329
  custom:audio-decoder-ogg-vorbis: bf7c407c2cedff20999df2af8eb42d56 -> 
  custom:scripting/monoscript/fileName/Vortex.cs: 12555a6b373c4486fab31a0a22403982 -> d2f7738ed789b7a977f000ffd0cf8890
  custom:scripting/monoscript/fileName/ColorCorrectionCurvesEditor.cs: a9f79ada12a4c9d8bc1f4e0a3da9d91e -> ba8c98b45b2e94f575e6b8aff77cc447
  custom:scripting/monoscript/fileName/TonemappingEditor.cs: 0eba88fff08ee1ebccd8486ec2a0ff6a -> edac4117593cd8c316e847cfa4a2c184
  custom:scripting/monoscript/fileName/DepthOfField.cs: 81226ab48f8a7d6183b7fc424f85a8c0 -> d3ca753d15782e18ed3483b3a0afd175
  custom:scripting/monoscript/fileName/BloomEditor.cs: 496240480f080b6be32f1f26095dd997 -> 43b3df46b7cb2255d2c1c8dbcafea8dc
  custom:scripting/monoscript/fileName/VignetteAndChromaticAberrationEditor.cs: f46f4c07b6874c237c4f6c99b0ac8f27 -> de7480822b02f6e7bbb6e752b450d6c9
  custom:scripting/monoscript/fileName/BloomOptimized.cs: 47c4eac263d410de018e3e89be9a8bea -> deef391a4062215fa64b13290b34b1e5
  custom:scripting/monoscript/fileName/BloomAndFlares.cs: defee703ca9a65ec4b5ea489f1b8340f -> 8afb5ea14b913734370925506b923fb7
  custom:scripting/monoscript/fileName/VignetteAndChromaticAberration.cs: 939715cef1284d3c74948dac84630410 -> 6f7816e6c6a96eb38e8b34a3171a3d7a
  custom:scripting/monoscript/fileName/GlobalFog.cs: 3204ae8c4d3170fb0094996f9bc4cdf4 -> cec4a166fe83b304dd694da080c37c22
  custom:audio-encoder-webm-vorbis: bf7c407c2cedff20999df2af8eb42d56 -> 
  custom:scripting/monoscript/fileName/Tonemapping.cs: 9d2afe0f50ecec8d29375476ccb41dcb -> c9f290b3ad74cc49f26aca1f0af02743
  custom:scripting/monoscript/fileName/EdgeDetection.cs: dffef6448852cc0b1f083e1ec7802a62 -> 7e270773de6bd808e57f1eb909c3207a
  custom:scripting/monoscript/fileName/ColorCorrectionCurves.cs: 6a95796a1b51025f8dcd91a749e1ce51 -> 0fe9ce599982e40ac8aba010733d7bdc
  custom:scripting/monoscript/fileName/ColorCorrectionRamp.cs: c4e8a12ca5d024db31eeeee44d83c34f -> a7e8fab02fd9ee3f41f3660b4752114a
  custom:scripting/monoscript/fileName/NoiseAndScratches.cs: 268bc57f54943734568958a0054514e0 -> e0c1886d5a6b335ec4861c2068c91d03
========================================================================
Received Import Request.
  Time since last request: 360353.595800 seconds.
  path: Assets/Asset Packs/NatureStarterKit2/Nature/tree02.prefab
  artifactKey: Guid(c63ea781a273235439e583799176c846) Importer(815301076,1909f56bfc062723c751e8b465ee728b)
Start importing Assets/Asset Packs/NatureStarterKit2/Nature/tree02.prefab using Guid(c63ea781a273235439e583799176c846) Importer(815301076,1909f56bfc062723c751e8b465ee728b)  -> (artifact id: '6c4d742c76da4f78fb4d9dacdd2b6d97') in 0.123192 seconds
Number of updated asset objects reloaded before import = 0
Number of asset objects unloaded after import = 20
========================================================================
Received Import Request.
  Time since last request: 164.918781 seconds.
  path: Assets/Asset Packs/NatureStarterKit2/Nature/tree01.prefab
  artifactKey: Guid(393b236c42954a640b513d46de90ac38) Importer(815301076,1909f56bfc062723c751e8b465ee728b)
Start importing Assets/Asset Packs/NatureStarterKit2/Nature/tree01.prefab using Guid(393b236c42954a640b513d46de90ac38) Importer(815301076,1909f56bfc062723c751e8b465ee728b)  -> (artifact id: '1951233080d9165e35d73f027e7ca5b0') in 0.037262 seconds
Number of updated asset objects reloaded before import = 0
Number of asset objects unloaded after import = 20
========================================================================
Received Prepare
Begin MonoManager ReloadAssembly
- Loaded All Assemblies, in  0.488 seconds
Refreshing native plugins compatible for Editor in 7.28 ms, found 3 plugins.
Native extension for WindowsStandalone target not found
Native extension for Android target not found
Native extension for WebGL target not found
[MODES] ModeService[none].Initialize
[MODES] ModeService[none].LoadModes
[MODES] Loading mode Default (0) for mode-current-id-ConUHacksVIII
[Package Manager] Server::EnsureServerProcessIsRunning -- launch failed, reason: Unity was launched with the -noUpm command-line argument
[Package Manager] UpmClient::Send -- Unable to send message (not connected to UPM process).
[Package Manager] Cannot connect to Unity Package Manager local server
Mono: successfully reloaded assembly
- Finished resetting the current domain, in  1.026 seconds
Domain Reload Profiling: 1510ms
	BeginReloadAssembly (190ms)
		ExecutionOrderSort (0ms)
		DisableScriptedObjects (7ms)
		BackupInstance (0ms)
		ReleaseScriptingObjects (0ms)
		CreateAndSetChildDomain (48ms)
	RebuildCommonClasses (28ms)
	RebuildNativeTypeToScriptingClass (9ms)
	initialDomainReloadingComplete (30ms)
	LoadAllAssembliesAndSetupDomain (226ms)
		LoadAssemblies (289ms)
		RebuildTransferFunctionScriptingTraits (0ms)
		AnalyzeDomain (12ms)
			TypeCache.Refresh (5ms)
				TypeCache.ScanAssembly (0ms)
			ScanForSourceGeneratedMonoScriptInfo (0ms)
			ResolveRequiredComponents (5ms)
	FinalizeReload (1026ms)
		ReleaseScriptCaches (0ms)
		RebuildScriptCaches (0ms)
		SetupLoadedEditorAssemblies (474ms)
			LogAssemblyErrors (0ms)
			InitializePlatformSupportModulesInManaged (24ms)
			SetLoadedEditorAssemblies (3ms)
			RefreshPlugins (0ms)
			BeforeProcessingInitializeOnLoad (70ms)
			ProcessInitializeOnLoadAttributes (354ms)
			ProcessInitializeOnLoadMethodAttributes (15ms)
			AfterProcessingInitializeOnLoad (7ms)
			EditorAssembliesLoaded (0ms)
		ExecutionOrderSort2 (0ms)
		AwakeInstancesAfterBackupRestoration (6ms)
Refreshing native plugins compatible for Editor in 4.87 ms, found 3 plugins.
Preloading 0 native plugins for Editor in 0.00 ms.
Unloading 3958 Unused Serialized files (Serialized files now loaded: 0)
Unloading 31 unused Assets / (375.1 KB). Loaded Objects now: 4574.
Memory consumption went from 160.4 MB to 160.0 MB.
Total: 3.907000 ms (FindLiveObjects: 0.306700 ms CreateObjectMapping: 0.227200 ms MarkObjects: 3.156600 ms  DeleteObjects: 0.215800 ms)

Prepare: number of updated asset objects reloaded= 0
AssetImportParameters requested are different than current active one (requested -> active):
  custom:scripting/monoscript/fileName/DepthOfFieldDeprecated.cs: f4565291edfbc672de29f1c5b95b481b -> 8700a90d2d763e9c01f08a0cd128cca8
  custom:scripting/monoscript/fileName/CameraMotionBlur.cs: 7c530588a2d887b86502472bdab63598 -> 458c2b6f90eeea041921d89083a79e55
  custom:scripting/monoscript/fileName/ColorCorrectionLookupEditor.cs: af1f04f02e48544f2a43562f596154c1 -> a2fb9e7138550e9aa0e0de2d21737d42
  custom:scripting/monoscript/fileName/TiltShift.cs: 196245306832ed3031f66fb7a8963b10 -> 13ff1d7342528fc14a2e194c2bdc09fb
  custom:container-demuxer-ogg: 62fdf1f143b41e24485cea50d1cbac27 -> 
  custom:scripting/monoscript/fileName/ScreenSpaceAmbientOcclusion.cs: 201542b2d7549a292680bd7c26577baa -> 42eb6963a5f738a978938eb937f58d78
  custom:scripting/monoscript/fileName/DepthOfFieldEditor.cs: e6995b58a02e37710a61add3574bfed5 -> a3868cd4e6c6aec7c31ee3ed2b09abe8
  custom:video-codec-MediaFoundation-h265: 746d11721c4dcdbdad8f713fa42b33f4 -> 
  custom:scripting/monoscript/fileName/NoiseAndGrainEditor.cs: 7082dc875bca5e7e5e987f694c9c27fa -> 0276e69b6de7374aa913d893485a004e
  custom:video-decoder-ogg-theora: a1e56fd34408186e4bbccfd4996cb3dc -> 
  custom:scripting/monoscript/fileName/SunShafts.cs: 31257fc068328e8e0dff64f822e0c6f9 -> abee30526487200fa16387df850e7daf
  custom:scripting/monoscript/fileName/MotionBlur.cs: ccc02c332a40af1041d5d961c1f79dc0 -> 7d52f2ac2c90424481a38c8ec7edb91c
  custom:framework-win-MediaFoundation: 216162199b28c13a410421893ffa2e32 -> 
  custom:scripting/monoscript/fileName/Grayscale.cs: 64d9a03a5f5ecd04f796a95bf776d1eb -> 87671e23fd2948061f63e16eb704f3a3
  custom:scripting/monoscript/fileName/NewBehaviourScript.cs: b21687ddb03d73bd9f0c1daecb9714de -> 
  custom:scripting/monoscript/fileName/BlurOptimized.cs: 4e9ee33cf0e287c2cd7660f556af77bd -> a99dff34286593c12b0fab92e7c0da68
  custom:scripting/monoscript/fileName/CameraMotionBlurEditor.cs: a2e27cf6aaa6ef59b553983edb108ddf -> 7c502cd6630e6f5609abadb3991d9ab2
  custom:scripting/monoscript/fileName/Quads.cs: 50c5a46c819479851957e6c0fb9a8afd -> 2f24050aded65dda899533ba7849a43c
  custom:scripting/monoscript/fileName/Blur.cs: bbec2d673bdbc7afb2bd6bbc9b56e520 -> 16b33e375f19895ec61239c77165934f
  custom:scripting/monoscript/fileName/DepthOfFieldDeprecatedEditor.cs: 6cf39a52f399fe70f2e93a07c83e9ab7 -> 9c0d6ba6950f727fa7ed1bfef973ec32
  custom:scripting/monoscript/fileName/ImageEffects.cs: 33b96cc589201a7a43449aead82bf899 -> fc49fae855f2f50655b411c31423a73d
  custom:scripting/monoscript/fileName/PostEffectsBase.cs: 697d34e852ed8e89825eca325facedb6 -> 6aabc5a6e1a831a9196622d2796540be
  custom:CustomObjectIndexerAttribute: 756ad292c208cfabdd7b50bc23989ffe -> 
  custom:scripting/monoscript/fileName/ColorCorrectionLookup.cs: 32bcec3d967c7cb116499ccbc6321228 -> cdade6b297f1c116727fa6035591313f
  custom:container-demuxer-webm: 4f35f7cbe854078d1ac9338744f61a02 -> 
  custom:scripting/monoscript/fileName/Triangles.cs: 9124bcaf3f74eab43b935c7a16470917 -> 64f7a3839fbac059155d5ec1d8597e9c
  custom:scripting/monoscript/fileName/SunShaftsEditor.cs: 7444a21e935998109591c9e4d0b76160 -> 14ff19bb08f48e5592630a8ef09a85a4
  custom:scripting/monoscript/fileName/ContrastStretch.cs: 6a3218467e010ab0bcaf5569352a06ce -> 606dc0496a32ea6e71f97dc962793c28
  custom:scripting/monoscript/fileName/EdgeDetectionEditor.cs: 4a8871e87f34c0d08e905c6fc8c6f4b8 -> 4cca3302e9c064dba4f706ba0e5d7102
  custom:container-muxer-webm: aa71ff27fc2769a1b78a27578f13a17b -> 
  custom:scripting/monoscript/fileName/ContrastEnhance.cs: 4e8f83aba7d3f6be44d38d7a40620b72 -> 25207a33818c5454fd86fad73189b2cd
  custom:video-decoder-webm-vp8: 9c59270c3fd7afecdb556c50c9e8de78 -> 
  custom:scripting/monoscript/fileName/PostEffectsHelper.cs: cc5da605024356baadb078f41f5a7e49 -> 5b0aade5ee85030099a328bfa56e17eb
  custom:SearchIndexIgnoredProperties: e643bd26f0fe6173181afceb89e7c659 -> 
  custom:AudioImporter_EditorPlatform: d09bf68614088b80899f8185d706f6e7 -> 
  custom:scripting/monoscript/fileName/CreaseShading.cs: d716fee01b79f796edf03879b18e7f31 -> 5b17bf81bff982a9605309492401c574
  custom:scripting/monoscript/fileName/AntialiasingEditor.cs: de8ad69c8a9834d8c6998557b65fa1d8 -> cd1db322c4d4bac3e0fdd7740cc772c6
  custom:scripting/monoscript/fileName/Antialiasing.cs: d9673f9e7c98f048331ee1d62f8563ea -> bec6c7367bf7f3b527b25907b25d4102
  custom:scripting/monoscript/fileName/SepiaTone.cs: ccd7c17b7939a5121d0321eb28f33f50 -> 67c7b044a145b042dba91a1a8d54f9f4
  custom:scripting/monoscript/fileName/ImageEffectBase.cs: 403208d1630a1cd3021bb0b7b3ab4003 -> 6d460e3d17a4175e44411c6923e62aed
  custom:scripting/monoscript/fileName/NoiseAndGrain.cs: 1e10fb5df4cebf1931cb6bf7e374bf2c -> f4f7112c95c7474ffaf494b422803169
  custom:scripting/monoscript/fileName/BloomAndFlaresEditor.cs: 8144c22ad12b8e956dc93e74226d56eb -> 1f9e796d927ffcd86ccbfad6ec7007d5
  custom:scripting/monoscript/fileName/ScreenSpaceAmbientObscurance.cs: 9aae2485c279ddc06b7c8f4893251fad -> 958d0bf4e6842d24e3147fb5da01010e
  custom:scripting/monoscript/fileName/CreaseShadingEditor.cs: fb3e5188db4d5919d5337b99be3f004e -> 10fe90e5375fc621d9f19b702723dc86
  custom:scripting/monoscript/fileName/Fisheye.cs: c798664a98e759e6ff551328f776dfc8 -> ad168996bfc8fa7824e22ed9b5548fe9
  custom:scripting/monoscript/fileName/Twirl.cs: 7ecb0799479f38b66e389243ca6bbfd2 -> 13260c2451d9e72af8c2f232859ba959
  custom:scripting/monoscript/fileName/ScreenOverlay.cs: ab1e9f94a57236d473be4e605c036ab1 -> 8b6e368a4e3d0df848783015d0ee2b1e
  custom:video-encoder-webm-vp8: eb34c28f22e8b96e1ab97ce403110664 -> 
  custom:scripting/monoscript/fileName/Bloom.cs: 5b9d902a508a8ef1cf68f2d27ef1c8ae -> 33cd4fe5846ab030762c2d9a63dce329
  custom:audio-decoder-ogg-vorbis: bf7c407c2cedff20999df2af8eb42d56 -> 
  custom:scripting/monoscript/fileName/Vortex.cs: 12555a6b373c4486fab31a0a22403982 -> d2f7738ed789b7a977f000ffd0cf8890
  custom:scripting/monoscript/fileName/ColorCorrectionCurvesEditor.cs: a9f79ada12a4c9d8bc1f4e0a3da9d91e -> ba8c98b45b2e94f575e6b8aff77cc447
  custom:scripting/monoscript/fileName/TonemappingEditor.cs: 0eba88fff08ee1ebccd8486ec2a0ff6a -> edac4117593cd8c316e847cfa4a2c184
  custom:scripting/monoscript/fileName/DepthOfField.cs: 81226ab48f8a7d6183b7fc424f85a8c0 -> d3ca753d15782e18ed3483b3a0afd175
  custom:scripting/monoscript/fileName/BloomEditor.cs: 496240480f080b6be32f1f26095dd997 -> 43b3df46b7cb2255d2c1c8dbcafea8dc
  custom:scripting/monoscript/fileName/VignetteAndChromaticAberrationEditor.cs: f46f4c07b6874c237c4f6c99b0ac8f27 -> de7480822b02f6e7bbb6e752b450d6c9
  custom:scripting/monoscript/fileName/BloomOptimized.cs: 47c4eac263d410de018e3e89be9a8bea -> deef391a4062215fa64b13290b34b1e5
  custom:scripting/monoscript/fileName/BloomAndFlares.cs: defee703ca9a65ec4b5ea489f1b8340f -> 8afb5ea14b913734370925506b923fb7
  custom:scripting/monoscript/fileName/VignetteAndChromaticAberration.cs: 939715cef1284d3c74948dac84630410 -> 6f7816e6c6a96eb38e8b34a3171a3d7a
  custom:scripting/monoscript/fileName/GlobalFog.cs: 3204ae8c4d3170fb0094996f9bc4cdf4 -> cec4a166fe83b304dd694da080c37c22
  custom:audio-encoder-webm-vorbis: bf7c407c2cedff20999df2af8eb42d56 -> 
  custom:scripting/monoscript/fileName/Tonemapping.cs: 9d2afe0f50ecec8d29375476ccb41dcb -> c9f290b3ad74cc49f26aca1f0af02743
  custom:scripting/monoscript/fileName/EdgeDetection.cs: dffef6448852cc0b1f083e1ec7802a62 -> 7e270773de6bd808e57f1eb909c3207a
  custom:scripting/monoscript/fileName/ColorCorrectionCurves.cs: 6a95796a1b51025f8dcd91a749e1ce51 -> 0fe9ce599982e40ac8aba010733d7bdc
  custom:scripting/monoscript/fileName/ColorCorrectionRamp.cs: c4e8a12ca5d024db31eeeee44d83c34f -> a7e8fab02fd9ee3f41f3660b4752114a
  custom:scripting/monoscript/fileName/NoiseAndScratches.cs: 268bc57f54943734568958a0054514e0 -> e0c1886d5a6b335ec4861c2068c91d03
